<?xml version="1.0" encoding="UTF-8"?>
<!-- Generated by org.testng.reporters.JUnitReportReporter -->
<testsuite hostname="Ahmed_Niyaz" failures="0" tests="1" name="TestCases.loginTestCase" time="0.016" errors="0" timestamp="2024-08-23T17:49:48 IST" skipped="0">
  <testcase classname="TestCases.loginTestCase" name="login" time="0.016"/>
</testsuite> <!-- TestCases.loginTestCase -->
